<?xml version="1.0" encoding="UTF-8"?>
<testsuite name="ru.nsu.bukhanov.HandFormatTest" tests="2" skipped="0" failures="0" errors="0" timestamp="2025-10-27T01:05:54" hostname="KRUTOI" time="0.005">
  <properties/>
  <testcase name="fullListFormat()" classname="ru.nsu.bukhanov.HandFormatTest" time="0.002"/>
  <testcase name="hideSecondCardFormat()" classname="ru.nsu.bukhanov.HandFormatTest" time="0.002"/>
  <system-out><![CDATA[]]></system-out>
  <system-err><![CDATA[]]></system-err>
</testsuite>
