<?xml version="1.0" encoding="UTF-8"?>
<testsuite name="ru.nsu.bukhanov.HandTest" tests="5" skipped="0" failures="0" errors="0" timestamp="2025-10-27T01:05:54" hostname="KRUTOI" time="0.009">
  <properties/>
  <testcase name="multipleAcesDowngrade()" classname="ru.nsu.bukhanov.HandTest" time="0.002"/>
  <testcase name="aceCountsAs11WhenNoBust()" classname="ru.nsu.bukhanov.HandTest" time="0.001"/>
  <testcase name="detectsBlackjackAcePlusTen()" classname="ru.nsu.bukhanov.HandTest" time="0.001"/>
  <testcase name="notBlackjackWhenMoreThanTwoCards()" classname="ru.nsu.bukhanov.HandTest" time="0.0"/>
  <testcase name="aceDowngradesTo1OnBust()" classname="ru.nsu.bukhanov.HandTest" time="0.001"/>
  <system-out><![CDATA[]]></system-out>
  <system-err><![CDATA[]]></system-err>
</testsuite>
