<?xml version="1.0" encoding="UTF-8"?>
<testsuite name="ru.nsu.bukhanov.DerivativeTest" tests="2" skipped="0" failures="0" errors="0" timestamp="2025-11-09T21:35:43.486Z" hostname="KRUTOI" time="0.003">
  <properties/>
  <testcase name="testDerivativeOfDiv()" classname="ru.nsu.bukhanov.DerivativeTest" time="0.002"/>
  <testcase name="testDerivativeOfExample()" classname="ru.nsu.bukhanov.DerivativeTest" time="0.0"/>
  <system-out><![CDATA[]]></system-out>
  <system-err><![CDATA[]]></system-err>
</testsuite>
