<?xml version="1.0" encoding="UTF-8"?>
<testsuite name="ru.nsu.bukhanov.EvaluationTest" tests="3" skipped="0" failures="0" errors="0" timestamp="2025-11-09T21:35:43.492Z" hostname="KRUTOI" time="0.01">
  <properties/>
  <testcase name="testEvalWithOneVariable()" classname="ru.nsu.bukhanov.EvaluationTest" time="0.002"/>
  <testcase name="testUndefinedVariable()" classname="ru.nsu.bukhanov.EvaluationTest" time="0.004"/>
  <testcase name="testEvalWithParser()" classname="ru.nsu.bukhanov.EvaluationTest" time="0.003"/>
  <system-out><![CDATA[]]></system-out>
  <system-err><![CDATA[]]></system-err>
</testsuite>
