<?xml version="1.0" encoding="UTF-8"?>
<testsuite name="ru.nsu.bukhanov.AddSubMulDivPrintTest" tests="4" skipped="0" failures="0" errors="0" timestamp="2025-11-09T21:35:43.444Z" hostname="KRUTOI" time="0.038">
  <properties/>
  <testcase name="testSubPrint()" classname="ru.nsu.bukhanov.AddSubMulDivPrintTest" time="0.032"/>
  <testcase name="testAddPrint()" classname="ru.nsu.bukhanov.AddSubMulDivPrintTest" time="0.002"/>
  <testcase name="testDivPrint()" classname="ru.nsu.bukhanov.AddSubMulDivPrintTest" time="0.002"/>
  <testcase name="testMulPrint()" classname="ru.nsu.bukhanov.AddSubMulDivPrintTest" time="0.001"/>
  <system-out><![CDATA[]]></system-out>
  <system-err><![CDATA[]]></system-err>
</testsuite>
