<?xml version="1.0" encoding="UTF-8"?>
<testsuite name="ru.nsu.bukhanov.SimplifyTest" tests="3" skipped="0" failures="0" errors="0" timestamp="2025-11-09T21:35:43.511Z" hostname="KRUTOI" time="0.003">
  <properties/>
  <testcase name="testSimplifyMulZero()" classname="ru.nsu.bukhanov.SimplifyTest" time="0.001"/>
  <testcase name="testSimplifySubSame()" classname="ru.nsu.bukhanov.SimplifyTest" time="0.0"/>
  <testcase name="testSimplifyDerivative()" classname="ru.nsu.bukhanov.SimplifyTest" time="0.0"/>
  <system-out><![CDATA[]]></system-out>
  <system-err><![CDATA[]]></system-err>
</testsuite>
